2018-03-18 20:24:05,972 INFO  c.t.SpringBootTestApplication:48 - Starting SpringBootTestApplication on Kungcc-MacBook-Air.local with PID 8873 (/Users/Kungcc/MyBot/workspace/spring-boot-test/target/classes started by Kungcc in /Users/Kungcc/MyBot/workspace/spring-boot-test)
2018-03-18 20:24:06,025 INFO  c.t.SpringBootTestApplication:593 - No active profile set, falling back to default profiles: default
2018-03-18 20:24:06,249 INFO  o.s.b.c.e.AnnotationConfigEmbeddedWebApplicationContext:583 - Refreshing org.springframework.boot.context.embedded.AnnotationConfigEmbeddedWebApplicationContext@c267ef4: startup date [Sun Mar 18 20:24:06 CST 2018]; root of context hierarchy
2018-03-18 20:24:06,932 INFO  o.h.v.i.u.Version:30 - HV000001: Hibernate Validator 5.3.6.Final
2018-03-18 20:24:09,448 INFO  o.s.b.f.s.DefaultListableBeanFactory:828 - Overriding bean definition for bean 'dataSource' with a different definition: replacing [Root bean: class [null]; scope=; abstract=false; lazyInit=false; autowireMode=3; dependencyCheck=0; autowireCandidate=true; primary=false; factoryBeanName=org.springframework.boot.autoconfigure.jdbc.DataSourceConfiguration$Hikari; factoryMethodName=dataSource; initMethodName=null; destroyMethodName=(inferred); defined in class path resource [org/springframework/boot/autoconfigure/jdbc/DataSourceConfiguration$Hikari.class]] with [Root bean: class [null]; scope=; abstract=false; lazyInit=false; autowireMode=3; dependencyCheck=0; autowireCandidate=true; primary=false; factoryBeanName=org.springframework.boot.autoconfigure.jdbc.DataSourceConfiguration$Tomcat; factoryMethodName=dataSource; initMethodName=null; destroyMethodName=(inferred); defined in class path resource [org/springframework/boot/autoconfigure/jdbc/DataSourceConfiguration$Tomcat.class]]
2018-03-18 20:24:10,808 INFO  o.s.c.s.PostProcessorRegistrationDelegate$BeanPostProcessorChecker:327 - Bean 'org.springframework.transaction.annotation.ProxyTransactionManagementConfiguration' of type [org.springframework.transaction.annotation.ProxyTransactionManagementConfiguration$$EnhancerBySpringCGLIB$$f77651ec] is not eligible for getting processed by all BeanPostProcessors (for example: not eligible for auto-proxying)
2018-03-18 20:24:11,844 INFO  o.s.b.c.e.t.TomcatEmbeddedServletContainer:89 - Tomcat initialized with port(s): 8080 (http)
2018-03-18 20:24:11,875 INFO  o.a.c.c.StandardService:180 - Starting service [Tomcat]
2018-03-18 20:24:11,883 INFO  o.a.c.c.StandardEngine:180 - Starting Servlet Engine: Apache Tomcat/8.5.27
2018-03-18 20:24:12,113 INFO  o.a.c.c.C.[.[.[/]:180 - Initializing Spring embedded WebApplicationContext
2018-03-18 20:24:12,113 INFO  o.s.w.c.ContextLoader:276 - Root WebApplicationContext: initialization completed in 5864 ms
2018-03-18 20:24:12,609 INFO  o.s.b.w.s.FilterRegistrationBean:258 - Mapping filter: 'metricsFilter' to: [/*]
2018-03-18 20:24:12,611 INFO  o.s.b.w.s.FilterRegistrationBean:258 - Mapping filter: 'characterEncodingFilter' to: [/*]
2018-03-18 20:24:12,611 INFO  o.s.b.w.s.FilterRegistrationBean:258 - Mapping filter: 'hiddenHttpMethodFilter' to: [/*]
2018-03-18 20:24:12,611 INFO  o.s.b.w.s.FilterRegistrationBean:258 - Mapping filter: 'httpPutFormContentFilter' to: [/*]
2018-03-18 20:24:12,612 INFO  o.s.b.w.s.FilterRegistrationBean:258 - Mapping filter: 'requestContextFilter' to: [/*]
2018-03-18 20:24:12,613 INFO  o.s.b.w.s.DelegatingFilterProxyRegistrationBean:258 - Mapping filter: 'springSecurityFilterChain' to: [/*]
2018-03-18 20:24:12,614 INFO  o.s.b.w.s.FilterRegistrationBean:258 - Mapping filter: 'webRequestLoggingFilter' to: [/*]
2018-03-18 20:24:12,614 INFO  o.s.b.w.s.FilterRegistrationBean:258 - Mapping filter: 'applicationContextIdFilter' to: [/*]
2018-03-18 20:24:12,614 INFO  o.s.b.w.s.ServletRegistrationBean:190 - Mapping servlet: 'dispatcherServlet' to [/]
2018-03-18 20:24:13,679 INFO  o.s.o.j.LocalContainerEntityManagerFactoryBean:356 - Building JPA container EntityManagerFactory for persistence unit 'default'
2018-03-18 20:24:13,716 INFO  o.h.j.i.u.LogHelper:31 - HHH000204: Processing PersistenceUnitInfo [
	name: default
	...]
2018-03-18 20:24:14,102 INFO  o.h.Version:37 - HHH000412: Hibernate Core {5.0.12.Final}
2018-03-18 20:24:14,104 INFO  o.h.c.Environment:213 - HHH000206: hibernate.properties not found
2018-03-18 20:24:14,106 INFO  o.h.c.Environment:317 - HHH000021: Bytecode provider name : javassist
2018-03-18 20:24:14,192 INFO  o.h.a.c.Version:66 - HCANN000001: Hibernate Commons Annotations {5.0.1.Final}
2018-03-18 20:24:14,475 INFO  o.h.d.Dialect:156 - HHH000400: Using dialect: org.hibernate.dialect.PostgreSQL94Dialect
2018-03-18 20:24:14,722 INFO  o.h.e.j.e.i.LobCreatorBuilderImpl:124 - HHH000424: Disabling contextual LOB creation as createClob() method threw error : java.lang.reflect.InvocationTargetException
2018-03-18 20:24:14,724 INFO  o.h.t.BasicTypeRegistry:139 - HHH000270: Type registration [java.util.UUID] overrides previous : org.hibernate.type.UUIDBinaryType@6af609ea
2018-03-18 20:24:15,667 INFO  o.s.o.j.LocalContainerEntityManagerFactoryBean:392 - Initialized JPA EntityManagerFactory for persistence unit 'default'
2018-03-18 20:24:16,140 INFO  o.h.h.i.QueryTranslatorFactoryInitiator:47 - HHH000397: Using ASTQueryTranslatorFactory
2018-03-18 20:24:16,804 INFO  c.t.c.JwtTokenConfig:22 - Loading JwtTokenConfig ...
2018-03-18 20:24:16,850 WARN  o.s.s.o.p.t.s.JwtAccessTokenConverter:294 - Unable to create an RSA verifier from verifierKey (ignoreable if using MAC)
2018-03-18 20:24:17,648 INFO  o.s.s.o.p.e.FrameworkEndpointHandlerMapping:543 - Mapped "{[/oauth/authorize]}" onto public org.springframework.web.servlet.ModelAndView org.springframework.security.oauth2.provider.endpoint.AuthorizationEndpoint.authorize(java.util.Map<java.lang.String, java.lang.Object>,java.util.Map<java.lang.String, java.lang.String>,org.springframework.web.bind.support.SessionStatus,java.security.Principal)
2018-03-18 20:24:17,649 INFO  o.s.s.o.p.e.FrameworkEndpointHandlerMapping:543 - Mapped "{[/oauth/authorize],methods=[POST],params=[user_oauth_approval]}" onto public org.springframework.web.servlet.View org.springframework.security.oauth2.provider.endpoint.AuthorizationEndpoint.approveOrDeny(java.util.Map<java.lang.String, java.lang.String>,java.util.Map<java.lang.String, ?>,org.springframework.web.bind.support.SessionStatus,java.security.Principal)
2018-03-18 20:24:17,652 INFO  o.s.s.o.p.e.FrameworkEndpointHandlerMapping:543 - Mapped "{[/oauth/token],methods=[GET]}" onto public org.springframework.http.ResponseEntity<org.springframework.security.oauth2.common.OAuth2AccessToken> org.springframework.security.oauth2.provider.endpoint.TokenEndpoint.getAccessToken(java.security.Principal,java.util.Map<java.lang.String, java.lang.String>) throws org.springframework.web.HttpRequestMethodNotSupportedException
2018-03-18 20:24:17,653 INFO  o.s.s.o.p.e.FrameworkEndpointHandlerMapping:543 - Mapped "{[/oauth/token],methods=[POST]}" onto public org.springframework.http.ResponseEntity<org.springframework.security.oauth2.common.OAuth2AccessToken> org.springframework.security.oauth2.provider.endpoint.TokenEndpoint.postAccessToken(java.security.Principal,java.util.Map<java.lang.String, java.lang.String>) throws org.springframework.web.HttpRequestMethodNotSupportedException
2018-03-18 20:24:17,656 INFO  o.s.s.o.p.e.FrameworkEndpointHandlerMapping:543 - Mapped "{[/oauth/check_token]}" onto public java.util.Map<java.lang.String, ?> org.springframework.security.oauth2.provider.endpoint.CheckTokenEndpoint.checkToken(java.lang.String)
2018-03-18 20:24:17,657 INFO  o.s.s.o.p.e.FrameworkEndpointHandlerMapping:543 - Mapped "{[/oauth/confirm_access]}" onto public org.springframework.web.servlet.ModelAndView org.springframework.security.oauth2.provider.endpoint.WhitelabelApprovalEndpoint.getAccessConfirmation(java.util.Map<java.lang.String, java.lang.Object>,javax.servlet.http.HttpServletRequest) throws java.lang.Exception
2018-03-18 20:24:17,658 INFO  o.s.s.o.p.e.FrameworkEndpointHandlerMapping:543 - Mapped "{[/oauth/error]}" onto public org.springframework.web.servlet.ModelAndView org.springframework.security.oauth2.provider.endpoint.WhitelabelErrorEndpoint.handleError(javax.servlet.http.HttpServletRequest)
2018-03-18 20:24:17,665 INFO  o.s.s.o.p.e.FrameworkEndpointHandlerMapping:543 - Mapped "{[/oauth/token_key],methods=[GET]}" onto public java.util.Map<java.lang.String, java.lang.String> org.springframework.security.oauth2.provider.endpoint.TokenKeyEndpoint.getKey(java.security.Principal)
2018-03-18 20:24:17,754 INFO  o.s.w.s.m.m.a.RequestMappingHandlerMapping:543 - Mapped "{[/rest/ta/helloWorld/{name}/{mail}/{phone}],methods=[GET],produces=[application/json]}" onto public org.springframework.http.ResponseEntity<com.tsmc.pojo.User> com.tsmc.controller.TestController.helloWorld(java.lang.String,java.lang.String,java.lang.String)
2018-03-18 20:24:17,760 INFO  o.s.w.s.m.m.a.RequestMappingHandlerMapping:543 - Mapped "{[/swagger-resources/configuration/ui]}" onto public org.springframework.http.ResponseEntity<springfox.documentation.swagger.web.UiConfiguration> springfox.documentation.swagger.web.ApiResourceController.uiConfiguration()
2018-03-18 20:24:17,761 INFO  o.s.w.s.m.m.a.RequestMappingHandlerMapping:543 - Mapped "{[/swagger-resources/configuration/security]}" onto public org.springframework.http.ResponseEntity<springfox.documentation.swagger.web.SecurityConfiguration> springfox.documentation.swagger.web.ApiResourceController.securityConfiguration()
2018-03-18 20:24:17,763 INFO  o.s.w.s.m.m.a.RequestMappingHandlerMapping:543 - Mapped "{[/swagger-resources]}" onto public org.springframework.http.ResponseEntity<java.util.List<springfox.documentation.swagger.web.SwaggerResource>> springfox.documentation.swagger.web.ApiResourceController.swaggerResources()
2018-03-18 20:24:17,769 INFO  o.s.w.s.m.m.a.RequestMappingHandlerMapping:543 - Mapped "{[/error]}" onto public org.springframework.http.ResponseEntity<java.util.Map<java.lang.String, java.lang.Object>> org.springframework.boot.autoconfigure.web.BasicErrorController.error(javax.servlet.http.HttpServletRequest)
2018-03-18 20:24:17,770 INFO  o.s.w.s.m.m.a.RequestMappingHandlerMapping:543 - Mapped "{[/error],produces=[text/html]}" onto public org.springframework.web.servlet.ModelAndView org.springframework.boot.autoconfigure.web.BasicErrorController.errorHtml(javax.servlet.http.HttpServletRequest,javax.servlet.http.HttpServletResponse)
2018-03-18 20:24:18,240 INFO  s.d.s.w.PropertySourcedRequestMappingHandlerMapping:69 - Mapped URL path [/v2/api-docs] onto method [public org.springframework.http.ResponseEntity<springfox.documentation.spring.web.json.Json> springfox.documentation.swagger2.web.Swagger2Controller.getDocumentation(java.lang.String,javax.servlet.http.HttpServletRequest)]
2018-03-18 20:24:18,610 INFO  c.t.c.WebSecurityConfig:39 - >> WebSecurityConfiguration.configure AuthenticationManagerBuilder=org.springframework.security.config.annotation.web.configuration.WebSecurityConfigurerAdapter$3@5b2c7186
2018-03-18 20:24:18,755 INFO  o.s.s.w.DefaultSecurityFilterChain:43 - Creating filter chain: OrRequestMatcher [requestMatchers=[Ant [pattern='/oauth/token'], Ant [pattern='/oauth/token_key'], Ant [pattern='/oauth/check_token']]], [org.springframework.security.web.context.request.async.WebAsyncManagerIntegrationFilter@3436d3d7, org.springframework.security.web.context.SecurityContextPersistenceFilter@7cbfbcd1, org.springframework.security.web.header.HeaderWriterFilter@7ebaf0d, org.springframework.security.web.authentication.logout.LogoutFilter@59929ac, org.springframework.security.web.authentication.www.BasicAuthenticationFilter@68550d86, org.springframework.security.web.savedrequest.RequestCacheAwareFilter@2f112ade, org.springframework.security.web.servletapi.SecurityContextHolderAwareRequestFilter@366b4a7b, org.springframework.security.web.authentication.AnonymousAuthenticationFilter@3f40568e, org.springframework.security.web.session.SessionManagementFilter@5690c2a8, org.springframework.security.web.access.ExceptionTranslationFilter@6cc44207, org.springframework.security.web.access.intercept.FilterSecurityInterceptor@3dec769]
2018-03-18 20:24:18,789 INFO  o.s.s.w.DefaultSecurityFilterChain:43 - Creating filter chain: org.springframework.security.web.util.matcher.AnyRequestMatcher@1, [org.springframework.security.web.context.request.async.WebAsyncManagerIntegrationFilter@6a299b9d, org.springframework.security.web.context.SecurityContextPersistenceFilter@2520010e, org.springframework.security.web.header.HeaderWriterFilter@6c8d8b60, org.springframework.security.web.csrf.CsrfFilter@3e63bd6b, org.springframework.security.web.authentication.logout.LogoutFilter@4be1dce6, org.springframework.security.web.authentication.UsernamePasswordAuthenticationFilter@48333b12, org.springframework.security.web.authentication.ui.DefaultLoginPageGeneratingFilter@6e6c8854, org.springframework.security.web.authentication.www.BasicAuthenticationFilter@5c5c784c, org.springframework.security.web.savedrequest.RequestCacheAwareFilter@163fbbc9, org.springframework.security.web.servletapi.SecurityContextHolderAwareRequestFilter@1669f4e5, org.springframework.security.web.authentication.AnonymousAuthenticationFilter@363fe35a, org.springframework.security.web.session.SessionManagementFilter@4fa6fb7f, org.springframework.security.web.access.ExceptionTranslationFilter@6f7b8ae1, org.springframework.security.web.access.intercept.FilterSecurityInterceptor@361b3ca6]
2018-03-18 20:24:19,226 INFO  o.s.w.s.m.m.a.RequestMappingHandlerAdapter:534 - Looking for @ControllerAdvice: org.springframework.boot.context.embedded.AnnotationConfigEmbeddedWebApplicationContext@c267ef4: startup date [Sun Mar 18 20:24:06 CST 2018]; root of context hierarchy
2018-03-18 20:24:19,370 INFO  o.s.w.s.h.SimpleUrlHandlerMapping:362 - Mapped URL path [/webjars/**] onto handler of type [class org.springframework.web.servlet.resource.ResourceHttpRequestHandler]
2018-03-18 20:24:19,370 INFO  o.s.w.s.h.SimpleUrlHandlerMapping:362 - Mapped URL path [/**] onto handler of type [class org.springframework.web.servlet.resource.ResourceHttpRequestHandler]
2018-03-18 20:24:19,453 INFO  o.s.w.s.h.SimpleUrlHandlerMapping:362 - Mapped URL path [/**/favicon.ico] onto handler of type [class org.springframework.web.servlet.resource.ResourceHttpRequestHandler]
2018-03-18 20:24:20,470 INFO  o.s.j.e.a.AnnotationMBeanExporter:431 - Registering beans for JMX exposure on startup
2018-03-18 20:24:20,482 INFO  o.s.b.a.e.j.EndpointMBeanExporter:431 - Registering beans for JMX exposure on startup
2018-03-18 20:24:20,488 INFO  o.s.b.c.e.AnnotationConfigEmbeddedWebApplicationContext:583 - Refreshing org.springframework.boot.context.embedded.AnnotationConfigEmbeddedWebApplicationContext@68b3979d: startup date [Sun Mar 18 20:24:20 CST 2018]; parent: org.springframework.boot.context.embedded.AnnotationConfigEmbeddedWebApplicationContext@c267ef4
2018-03-18 20:24:20,543 INFO  o.s.b.f.s.DefaultListableBeanFactory:828 - Overriding bean definition for bean 'handlerExceptionResolver' with a different definition: replacing [Root bean: class [null]; scope=; abstract=false; lazyInit=false; autowireMode=3; dependencyCheck=0; autowireCandidate=true; primary=false; factoryBeanName=org.springframework.web.servlet.config.annotation.DelegatingWebMvcConfiguration; factoryMethodName=handlerExceptionResolver; initMethodName=null; destroyMethodName=(inferred); defined in org.springframework.web.servlet.config.annotation.DelegatingWebMvcConfiguration] with [Root bean: class [null]; scope=; abstract=false; lazyInit=false; autowireMode=3; dependencyCheck=0; autowireCandidate=true; primary=false; factoryBeanName=endpointWebMvcChildContextConfiguration; factoryMethodName=compositeHandlerExceptionResolver; initMethodName=null; destroyMethodName=(inferred); defined in org.springframework.boot.actuate.autoconfigure.EndpointWebMvcChildContextConfiguration]
2018-03-18 20:24:20,635 INFO  o.s.b.c.e.t.TomcatEmbeddedServletContainer:89 - Tomcat initialized with port(s): 8088 (http)
2018-03-18 20:24:20,636 INFO  o.a.c.c.StandardService:180 - Starting service [Tomcat]
2018-03-18 20:24:20,637 INFO  o.a.c.c.StandardEngine:180 - Starting Servlet Engine: Apache Tomcat/8.5.27
2018-03-18 20:24:20,652 INFO  o.a.c.c.C.[.[.[/]:180 - Initializing Spring embedded WebApplicationContext
2018-03-18 20:24:20,652 INFO  o.s.w.c.ContextLoader:276 - Root WebApplicationContext: initialization completed in 165 ms
2018-03-18 20:24:20,677 INFO  o.s.b.w.s.ServletRegistrationBean:190 - Mapping servlet: 'dispatcherServlet' to [/]
2018-03-18 20:24:20,678 INFO  o.s.b.w.s.FilterRegistrationBean:258 - Mapping filter: 'springSecurityFilterChain' to: [/*]
2018-03-18 20:24:20,841 INFO  o.s.b.a.e.m.EndpointHandlerMapping:543 - Mapped "{[/monitor/info || /monitor/info.json],methods=[GET],produces=[application/vnd.spring-boot.actuator.v1+json || application/json]}" onto public java.lang.Object org.springframework.boot.actuate.endpoint.mvc.EndpointMvcAdapter.invoke()
2018-03-18 20:24:20,842 INFO  o.s.b.a.e.m.EndpointHandlerMapping:543 - Mapped "{[/monitor/trace || /monitor/trace.json],methods=[GET],produces=[application/vnd.spring-boot.actuator.v1+json || application/json]}" onto public java.lang.Object org.springframework.boot.actuate.endpoint.mvc.EndpointMvcAdapter.invoke()
2018-03-18 20:24:20,843 INFO  o.s.b.a.e.m.EndpointHandlerMapping:543 - Mapped "{[/monitor/beans || /monitor/beans.json],methods=[GET],produces=[application/vnd.spring-boot.actuator.v1+json || application/json]}" onto public java.lang.Object org.springframework.boot.actuate.endpoint.mvc.EndpointMvcAdapter.invoke()
2018-03-18 20:24:20,844 INFO  o.s.b.a.e.m.EndpointHandlerMapping:543 - Mapped "{[/monitor/dump || /monitor/dump.json],methods=[GET],produces=[application/vnd.spring-boot.actuator.v1+json || application/json]}" onto public java.lang.Object org.springframework.boot.actuate.endpoint.mvc.EndpointMvcAdapter.invoke()
2018-03-18 20:24:20,849 INFO  o.s.b.a.e.m.EndpointHandlerMapping:543 - Mapped "{[/monitor/metrics/{name:.*}],methods=[GET],produces=[application/vnd.spring-boot.actuator.v1+json || application/json]}" onto public java.lang.Object org.springframework.boot.actuate.endpoint.mvc.MetricsMvcEndpoint.value(java.lang.String)
2018-03-18 20:24:20,849 INFO  o.s.b.a.e.m.EndpointHandlerMapping:543 - Mapped "{[/monitor/metrics || /monitor/metrics.json],methods=[GET],produces=[application/vnd.spring-boot.actuator.v1+json || application/json]}" onto public java.lang.Object org.springframework.boot.actuate.endpoint.mvc.EndpointMvcAdapter.invoke()
2018-03-18 20:24:20,851 INFO  o.s.b.a.e.m.EndpointHandlerMapping:543 - Mapped "{[/monitor/loggers/{name:.*}],methods=[GET],produces=[application/vnd.spring-boot.actuator.v1+json || application/json]}" onto public java.lang.Object org.springframework.boot.actuate.endpoint.mvc.LoggersMvcEndpoint.get(java.lang.String)
2018-03-18 20:24:20,852 INFO  o.s.b.a.e.m.EndpointHandlerMapping:543 - Mapped "{[/monitor/loggers/{name:.*}],methods=[POST],consumes=[application/vnd.spring-boot.actuator.v1+json || application/json],produces=[application/vnd.spring-boot.actuator.v1+json || application/json]}" onto public java.lang.Object org.springframework.boot.actuate.endpoint.mvc.LoggersMvcEndpoint.set(java.lang.String,java.util.Map<java.lang.String, java.lang.String>)
2018-03-18 20:24:20,853 INFO  o.s.b.a.e.m.EndpointHandlerMapping:543 - Mapped "{[/monitor/loggers || /monitor/loggers.json],methods=[GET],produces=[application/vnd.spring-boot.actuator.v1+json || application/json]}" onto public java.lang.Object org.springframework.boot.actuate.endpoint.mvc.EndpointMvcAdapter.invoke()
2018-03-18 20:24:20,854 INFO  o.s.b.a.e.m.EndpointHandlerMapping:543 - Mapped "{[/monitor/mappings || /monitor/mappings.json],methods=[GET],produces=[application/vnd.spring-boot.actuator.v1+json || application/json]}" onto public java.lang.Object org.springframework.boot.actuate.endpoint.mvc.EndpointMvcAdapter.invoke()
2018-03-18 20:24:20,856 INFO  o.s.b.a.e.m.EndpointHandlerMapping:543 - Mapped "{[/monitor/configprops || /monitor/configprops.json],methods=[GET],produces=[application/vnd.spring-boot.actuator.v1+json || application/json]}" onto public java.lang.Object org.springframework.boot.actuate.endpoint.mvc.EndpointMvcAdapter.invoke()
2018-03-18 20:24:20,857 INFO  o.s.b.a.e.m.EndpointHandlerMapping:543 - Mapped "{[/monitor/auditevents || /monitor/auditevents.json],methods=[GET],produces=[application/vnd.spring-boot.actuator.v1+json || application/json]}" onto public org.springframework.http.ResponseEntity<?> org.springframework.boot.actuate.endpoint.mvc.AuditEventsMvcEndpoint.findByPrincipalAndAfterAndType(java.lang.String,java.util.Date,java.lang.String)
2018-03-18 20:24:20,859 INFO  o.s.b.a.e.m.EndpointHandlerMapping:543 - Mapped "{[/monitor/health || /monitor/health.json],methods=[GET],produces=[application/vnd.spring-boot.actuator.v1+json || application/json]}" onto public java.lang.Object org.springframework.boot.actuate.endpoint.mvc.HealthMvcEndpoint.invoke(javax.servlet.http.HttpServletRequest,java.security.Principal)
2018-03-18 20:24:20,862 INFO  o.s.b.a.e.m.EndpointHandlerMapping:543 - Mapped "{[/monitor/heapdump || /monitor/heapdump.json],methods=[GET],produces=[application/octet-stream]}" onto public void org.springframework.boot.actuate.endpoint.mvc.HeapdumpMvcEndpoint.invoke(boolean,javax.servlet.http.HttpServletRequest,javax.servlet.http.HttpServletResponse) throws java.io.IOException,javax.servlet.ServletException
2018-03-18 20:24:20,866 INFO  o.s.b.a.e.m.EndpointHandlerMapping:543 - Mapped "{[/monitor/shutdown || /monitor/shutdown.json],methods=[POST],produces=[application/vnd.spring-boot.actuator.v1+json || application/json]}" onto public java.lang.Object org.springframework.boot.actuate.endpoint.mvc.ShutdownMvcEndpoint.invoke()
2018-03-18 20:24:20,867 INFO  o.s.b.a.e.m.EndpointHandlerMapping:543 - Mapped "{[/monitor/env/{name:.*}],methods=[GET],produces=[application/vnd.spring-boot.actuator.v1+json || application/json]}" onto public java.lang.Object org.springframework.boot.actuate.endpoint.mvc.EnvironmentMvcEndpoint.value(java.lang.String)
2018-03-18 20:24:20,868 INFO  o.s.b.a.e.m.EndpointHandlerMapping:543 - Mapped "{[/monitor/env || /monitor/env.json],methods=[GET],produces=[application/vnd.spring-boot.actuator.v1+json || application/json]}" onto public java.lang.Object org.springframework.boot.actuate.endpoint.mvc.EndpointMvcAdapter.invoke()
2018-03-18 20:24:20,869 INFO  o.s.b.a.e.m.EndpointHandlerMapping:543 - Mapped "{[/monitor/autoconfig || /monitor/autoconfig.json],methods=[GET],produces=[application/vnd.spring-boot.actuator.v1+json || application/json]}" onto public java.lang.Object org.springframework.boot.actuate.endpoint.mvc.EndpointMvcAdapter.invoke()
2018-03-18 20:24:20,889 INFO  o.s.w.s.m.m.a.RequestMappingHandlerMapping:543 - Mapped "{[/error]}" onto public java.util.Map<java.lang.String, java.lang.Object> org.springframework.boot.actuate.endpoint.mvc.ManagementErrorEndpoint.invoke()
2018-03-18 20:24:20,898 INFO  o.s.w.s.h.SimpleUrlHandlerMapping:362 - Mapped URL path [/webjars/**] onto handler of type [class org.springframework.web.servlet.resource.ResourceHttpRequestHandler]
2018-03-18 20:24:20,898 INFO  o.s.w.s.h.SimpleUrlHandlerMapping:362 - Mapped URL path [/**] onto handler of type [class org.springframework.web.servlet.resource.ResourceHttpRequestHandler]
2018-03-18 20:24:20,923 INFO  o.s.w.s.m.m.a.RequestMappingHandlerAdapter:534 - Looking for @ControllerAdvice: org.springframework.boot.context.embedded.AnnotationConfigEmbeddedWebApplicationContext@68b3979d: startup date [Sun Mar 18 20:24:20 CST 2018]; parent: org.springframework.boot.context.embedded.AnnotationConfigEmbeddedWebApplicationContext@c267ef4
2018-03-18 20:24:21,021 INFO  o.a.c.h.Http11NioProtocol:180 - Initializing ProtocolHandler ["http-nio-8088"]
2018-03-18 20:24:21,040 INFO  o.a.c.h.Http11NioProtocol:180 - Starting ProtocolHandler ["http-nio-8088"]
2018-03-18 20:24:21,086 INFO  o.a.t.u.n.NioSelectorPool:180 - Using a shared selector for servlet write/read
2018-03-18 20:39:17,753 INFO  c.t.SpringBootTestApplication:48 - Starting SpringBootTestApplication on Kungcc-MacBook-Air.local with PID 9016 (/Users/Kungcc/MyBot/workspace/spring-boot-test/target/classes started by Kungcc in /Users/Kungcc/MyBot/workspace/spring-boot-test)
2018-03-18 20:39:17,757 INFO  c.t.SpringBootTestApplication:593 - No active profile set, falling back to default profiles: default
2018-03-18 20:39:17,901 INFO  o.s.b.c.e.AnnotationConfigEmbeddedWebApplicationContext:583 - Refreshing org.springframework.boot.context.embedded.AnnotationConfigEmbeddedWebApplicationContext@c267ef4: startup date [Sun Mar 18 20:39:17 CST 2018]; root of context hierarchy
2018-03-18 20:39:18,295 INFO  o.h.v.i.u.Version:30 - HV000001: Hibernate Validator 5.3.6.Final
2018-03-18 20:39:19,856 INFO  o.s.b.f.s.DefaultListableBeanFactory:828 - Overriding bean definition for bean 'dataSource' with a different definition: replacing [Root bean: class [null]; scope=; abstract=false; lazyInit=false; autowireMode=3; dependencyCheck=0; autowireCandidate=true; primary=false; factoryBeanName=org.springframework.boot.autoconfigure.jdbc.DataSourceConfiguration$Hikari; factoryMethodName=dataSource; initMethodName=null; destroyMethodName=(inferred); defined in class path resource [org/springframework/boot/autoconfigure/jdbc/DataSourceConfiguration$Hikari.class]] with [Root bean: class [null]; scope=; abstract=false; lazyInit=false; autowireMode=3; dependencyCheck=0; autowireCandidate=true; primary=false; factoryBeanName=org.springframework.boot.autoconfigure.jdbc.DataSourceConfiguration$Tomcat; factoryMethodName=dataSource; initMethodName=null; destroyMethodName=(inferred); defined in class path resource [org/springframework/boot/autoconfigure/jdbc/DataSourceConfiguration$Tomcat.class]]
2018-03-18 20:39:21,238 INFO  o.s.c.s.PostProcessorRegistrationDelegate$BeanPostProcessorChecker:327 - Bean 'org.springframework.transaction.annotation.ProxyTransactionManagementConfiguration' of type [org.springframework.transaction.annotation.ProxyTransactionManagementConfiguration$$EnhancerBySpringCGLIB$$85cfd904] is not eligible for getting processed by all BeanPostProcessors (for example: not eligible for auto-proxying)
2018-03-18 20:39:21,983 INFO  o.s.b.c.e.t.TomcatEmbeddedServletContainer:89 - Tomcat initialized with port(s): 8080 (http)
2018-03-18 20:39:22,004 INFO  o.a.c.c.StandardService:180 - Starting service [Tomcat]
2018-03-18 20:39:22,006 INFO  o.a.c.c.StandardEngine:180 - Starting Servlet Engine: Apache Tomcat/8.5.27
2018-03-18 20:39:22,218 INFO  o.a.c.c.C.[.[.[/]:180 - Initializing Spring embedded WebApplicationContext
2018-03-18 20:39:22,219 INFO  o.s.w.c.ContextLoader:276 - Root WebApplicationContext: initialization completed in 4318 ms
2018-03-18 20:39:22,775 INFO  o.s.b.w.s.FilterRegistrationBean:258 - Mapping filter: 'metricsFilter' to: [/*]
2018-03-18 20:39:22,776 INFO  o.s.b.w.s.FilterRegistrationBean:258 - Mapping filter: 'characterEncodingFilter' to: [/*]
2018-03-18 20:39:22,776 INFO  o.s.b.w.s.FilterRegistrationBean:258 - Mapping filter: 'hiddenHttpMethodFilter' to: [/*]
2018-03-18 20:39:22,777 INFO  o.s.b.w.s.FilterRegistrationBean:258 - Mapping filter: 'httpPutFormContentFilter' to: [/*]
2018-03-18 20:39:22,777 INFO  o.s.b.w.s.FilterRegistrationBean:258 - Mapping filter: 'requestContextFilter' to: [/*]
2018-03-18 20:39:22,779 INFO  o.s.b.w.s.DelegatingFilterProxyRegistrationBean:258 - Mapping filter: 'springSecurityFilterChain' to: [/*]
2018-03-18 20:39:22,779 INFO  o.s.b.w.s.FilterRegistrationBean:258 - Mapping filter: 'webRequestLoggingFilter' to: [/*]
2018-03-18 20:39:22,780 INFO  o.s.b.w.s.FilterRegistrationBean:258 - Mapping filter: 'applicationContextIdFilter' to: [/*]
2018-03-18 20:39:22,780 INFO  o.s.b.w.s.ServletRegistrationBean:190 - Mapping servlet: 'dispatcherServlet' to [/]
2018-03-18 20:39:23,518 INFO  o.s.o.j.LocalContainerEntityManagerFactoryBean:356 - Building JPA container EntityManagerFactory for persistence unit 'default'
2018-03-18 20:39:23,545 INFO  o.h.j.i.u.LogHelper:31 - HHH000204: Processing PersistenceUnitInfo [
	name: default
	...]
2018-03-18 20:39:23,811 INFO  o.h.Version:37 - HHH000412: Hibernate Core {5.0.12.Final}
2018-03-18 20:39:23,813 INFO  o.h.c.Environment:213 - HHH000206: hibernate.properties not found
2018-03-18 20:39:23,815 INFO  o.h.c.Environment:317 - HHH000021: Bytecode provider name : javassist
2018-03-18 20:39:23,875 INFO  o.h.a.c.Version:66 - HCANN000001: Hibernate Commons Annotations {5.0.1.Final}
2018-03-18 20:39:24,057 INFO  o.h.d.Dialect:156 - HHH000400: Using dialect: org.hibernate.dialect.PostgreSQL94Dialect
2018-03-18 20:39:24,250 INFO  o.h.e.j.e.i.LobCreatorBuilderImpl:124 - HHH000424: Disabling contextual LOB creation as createClob() method threw error : java.lang.reflect.InvocationTargetException
2018-03-18 20:39:24,253 INFO  o.h.t.BasicTypeRegistry:139 - HHH000270: Type registration [java.util.UUID] overrides previous : org.hibernate.type.UUIDBinaryType@42fc4ac4
2018-03-18 20:39:25,042 INFO  o.s.o.j.LocalContainerEntityManagerFactoryBean:392 - Initialized JPA EntityManagerFactory for persistence unit 'default'
2018-03-18 20:39:25,425 INFO  o.h.h.i.QueryTranslatorFactoryInitiator:47 - HHH000397: Using ASTQueryTranslatorFactory
2018-03-18 20:39:26,055 INFO  c.t.c.JwtTokenConfig:22 - Loading JwtTokenConfig ...
2018-03-18 20:39:26,091 WARN  o.s.s.o.p.t.s.JwtAccessTokenConverter:294 - Unable to create an RSA verifier from verifierKey (ignoreable if using MAC)
2018-03-18 20:39:26,839 INFO  o.s.s.o.p.e.FrameworkEndpointHandlerMapping:543 - Mapped "{[/oauth/authorize]}" onto public org.springframework.web.servlet.ModelAndView org.springframework.security.oauth2.provider.endpoint.AuthorizationEndpoint.authorize(java.util.Map<java.lang.String, java.lang.Object>,java.util.Map<java.lang.String, java.lang.String>,org.springframework.web.bind.support.SessionStatus,java.security.Principal)
2018-03-18 20:39:26,841 INFO  o.s.s.o.p.e.FrameworkEndpointHandlerMapping:543 - Mapped "{[/oauth/authorize],methods=[POST],params=[user_oauth_approval]}" onto public org.springframework.web.servlet.View org.springframework.security.oauth2.provider.endpoint.AuthorizationEndpoint.approveOrDeny(java.util.Map<java.lang.String, java.lang.String>,java.util.Map<java.lang.String, ?>,org.springframework.web.bind.support.SessionStatus,java.security.Principal)
2018-03-18 20:39:26,846 INFO  o.s.s.o.p.e.FrameworkEndpointHandlerMapping:543 - Mapped "{[/oauth/token],methods=[GET]}" onto public org.springframework.http.ResponseEntity<org.springframework.security.oauth2.common.OAuth2AccessToken> org.springframework.security.oauth2.provider.endpoint.TokenEndpoint.getAccessToken(java.security.Principal,java.util.Map<java.lang.String, java.lang.String>) throws org.springframework.web.HttpRequestMethodNotSupportedException
2018-03-18 20:39:26,847 INFO  o.s.s.o.p.e.FrameworkEndpointHandlerMapping:543 - Mapped "{[/oauth/token],methods=[POST]}" onto public org.springframework.http.ResponseEntity<org.springframework.security.oauth2.common.OAuth2AccessToken> org.springframework.security.oauth2.provider.endpoint.TokenEndpoint.postAccessToken(java.security.Principal,java.util.Map<java.lang.String, java.lang.String>) throws org.springframework.web.HttpRequestMethodNotSupportedException
2018-03-18 20:39:26,850 INFO  o.s.s.o.p.e.FrameworkEndpointHandlerMapping:543 - Mapped "{[/oauth/check_token]}" onto public java.util.Map<java.lang.String, ?> org.springframework.security.oauth2.provider.endpoint.CheckTokenEndpoint.checkToken(java.lang.String)
2018-03-18 20:39:26,852 INFO  o.s.s.o.p.e.FrameworkEndpointHandlerMapping:543 - Mapped "{[/oauth/confirm_access]}" onto public org.springframework.web.servlet.ModelAndView org.springframework.security.oauth2.provider.endpoint.WhitelabelApprovalEndpoint.getAccessConfirmation(java.util.Map<java.lang.String, java.lang.Object>,javax.servlet.http.HttpServletRequest) throws java.lang.Exception
2018-03-18 20:39:26,853 INFO  o.s.s.o.p.e.FrameworkEndpointHandlerMapping:543 - Mapped "{[/oauth/error]}" onto public org.springframework.web.servlet.ModelAndView org.springframework.security.oauth2.provider.endpoint.WhitelabelErrorEndpoint.handleError(javax.servlet.http.HttpServletRequest)
2018-03-18 20:39:26,863 INFO  o.s.s.o.p.e.FrameworkEndpointHandlerMapping:543 - Mapped "{[/oauth/token_key],methods=[GET]}" onto public java.util.Map<java.lang.String, java.lang.String> org.springframework.security.oauth2.provider.endpoint.TokenKeyEndpoint.getKey(java.security.Principal)
2018-03-18 20:39:26,980 INFO  o.s.w.s.m.m.a.RequestMappingHandlerMapping:543 - Mapped "{[/rest/ta/helloWorld/{name}/{mail}/{phone}],methods=[GET],produces=[application/json]}" onto public org.springframework.http.ResponseEntity<com.tsmc.pojo.User> com.tsmc.controller.TestController.helloWorld(java.lang.String,java.lang.String,java.lang.String)
2018-03-18 20:39:26,987 INFO  o.s.w.s.m.m.a.RequestMappingHandlerMapping:543 - Mapped "{[/swagger-resources/configuration/ui]}" onto public org.springframework.http.ResponseEntity<springfox.documentation.swagger.web.UiConfiguration> springfox.documentation.swagger.web.ApiResourceController.uiConfiguration()
2018-03-18 20:39:26,989 INFO  o.s.w.s.m.m.a.RequestMappingHandlerMapping:543 - Mapped "{[/swagger-resources/configuration/security]}" onto public org.springframework.http.ResponseEntity<springfox.documentation.swagger.web.SecurityConfiguration> springfox.documentation.swagger.web.ApiResourceController.securityConfiguration()
2018-03-18 20:39:26,991 INFO  o.s.w.s.m.m.a.RequestMappingHandlerMapping:543 - Mapped "{[/swagger-resources]}" onto public org.springframework.http.ResponseEntity<java.util.List<springfox.documentation.swagger.web.SwaggerResource>> springfox.documentation.swagger.web.ApiResourceController.swaggerResources()
2018-03-18 20:39:26,997 INFO  o.s.w.s.m.m.a.RequestMappingHandlerMapping:543 - Mapped "{[/error]}" onto public org.springframework.http.ResponseEntity<java.util.Map<java.lang.String, java.lang.Object>> org.springframework.boot.autoconfigure.web.BasicErrorController.error(javax.servlet.http.HttpServletRequest)
2018-03-18 20:39:26,998 INFO  o.s.w.s.m.m.a.RequestMappingHandlerMapping:543 - Mapped "{[/error],produces=[text/html]}" onto public org.springframework.web.servlet.ModelAndView org.springframework.boot.autoconfigure.web.BasicErrorController.errorHtml(javax.servlet.http.HttpServletRequest,javax.servlet.http.HttpServletResponse)
2018-03-18 20:39:27,578 INFO  o.q.i.StdSchedulerFactory:1208 - Using default implementation for ThreadExecutor
2018-03-18 20:39:27,605 INFO  o.q.c.SchedulerSignalerImpl:61 - Initialized Scheduler Signaller of type: class org.quartz.core.SchedulerSignalerImpl
2018-03-18 20:39:27,606 INFO  o.q.c.QuartzScheduler:229 - Quartz Scheduler v.2.3.0 created.
2018-03-18 20:39:27,608 INFO  o.q.s.RAMJobStore:155 - RAMJobStore initialized.
2018-03-18 20:39:27,609 INFO  o.q.c.QuartzScheduler:294 - Scheduler meta-data: Quartz Scheduler (v2.3.0) 'schedulerFactoryBean' with instanceId 'NON_CLUSTERED'
  Scheduler class: 'org.quartz.core.QuartzScheduler' - running locally.
  NOT STARTED.
  Currently in standby mode.
  Number of jobs executed: 0
  Using thread pool 'org.quartz.simpl.SimpleThreadPool' - with 10 threads.
  Using job-store 'org.quartz.simpl.RAMJobStore' - which does not support persistence. and is not clustered.

2018-03-18 20:39:27,610 INFO  o.q.i.StdSchedulerFactory:1362 - Quartz scheduler 'schedulerFactoryBean' initialized from an externally provided properties instance.
2018-03-18 20:39:27,610 INFO  o.q.i.StdSchedulerFactory:1366 - Quartz scheduler version: 2.3.0
2018-03-18 20:39:27,610 INFO  o.q.c.QuartzScheduler:2287 - JobFactory set to: com.tsmc.config.AutoWiringSpringBeanJobFactory@175bf9c9
2018-03-18 20:39:27,685 INFO  s.d.s.w.PropertySourcedRequestMappingHandlerMapping:69 - Mapped URL path [/v2/api-docs] onto method [public org.springframework.http.ResponseEntity<springfox.documentation.spring.web.json.Json> springfox.documentation.swagger2.web.Swagger2Controller.getDocumentation(java.lang.String,javax.servlet.http.HttpServletRequest)]
2018-03-18 20:39:27,960 INFO  c.t.c.WebSecurityConfig:39 - >> WebSecurityConfiguration.configure AuthenticationManagerBuilder=org.springframework.security.config.annotation.web.configuration.WebSecurityConfigurerAdapter$3@43de9fc9
2018-03-18 20:39:28,106 INFO  o.s.s.w.DefaultSecurityFilterChain:43 - Creating filter chain: OrRequestMatcher [requestMatchers=[Ant [pattern='/oauth/token'], Ant [pattern='/oauth/token_key'], Ant [pattern='/oauth/check_token']]], [org.springframework.security.web.context.request.async.WebAsyncManagerIntegrationFilter@38093ffe, org.springframework.security.web.context.SecurityContextPersistenceFilter@6f7b8ae1, org.springframework.security.web.header.HeaderWriterFilter@4be7acd9, org.springframework.security.web.authentication.logout.LogoutFilter@350e3fb4, org.springframework.security.web.authentication.www.BasicAuthenticationFilter@6ef61cd0, org.springframework.security.web.savedrequest.RequestCacheAwareFilter@4fa6fb7f, org.springframework.security.web.servletapi.SecurityContextHolderAwareRequestFilter@79fcd194, org.springframework.security.web.authentication.AnonymousAuthenticationFilter@4713b631, org.springframework.security.web.session.SessionManagementFilter@4d79d187, org.springframework.security.web.access.ExceptionTranslationFilter@3d3b4e09, org.springframework.security.web.access.intercept.FilterSecurityInterceptor@29394966]
2018-03-18 20:39:28,143 INFO  o.s.s.w.DefaultSecurityFilterChain:43 - Creating filter chain: org.springframework.security.web.util.matcher.AnyRequestMatcher@1, [org.springframework.security.web.context.request.async.WebAsyncManagerIntegrationFilter@5f9ccd0c, org.springframework.security.web.context.SecurityContextPersistenceFilter@6b15e68c, org.springframework.security.web.header.HeaderWriterFilter@6ba355e4, org.springframework.security.web.csrf.CsrfFilter@541897c6, org.springframework.security.web.authentication.logout.LogoutFilter@1d3546f9, org.springframework.security.web.authentication.UsernamePasswordAuthenticationFilter@59282dc6, org.springframework.security.web.authentication.ui.DefaultLoginPageGeneratingFilter@59d0fac9, org.springframework.security.web.authentication.www.BasicAuthenticationFilter@6371c5ec, org.springframework.security.web.savedrequest.RequestCacheAwareFilter@79a68657, org.springframework.security.web.servletapi.SecurityContextHolderAwareRequestFilter@8dbf0f2, org.springframework.security.web.authentication.AnonymousAuthenticationFilter@6738e8b2, org.springframework.security.web.session.SessionManagementFilter@7b1559f1, org.springframework.security.web.access.ExceptionTranslationFilter@1826475, org.springframework.security.web.access.intercept.FilterSecurityInterceptor@6e8aea7e]
2018-03-18 20:39:28,594 INFO  o.s.w.s.m.m.a.RequestMappingHandlerAdapter:534 - Looking for @ControllerAdvice: org.springframework.boot.context.embedded.AnnotationConfigEmbeddedWebApplicationContext@c267ef4: startup date [Sun Mar 18 20:39:17 CST 2018]; root of context hierarchy
2018-03-18 20:39:28,699 INFO  o.s.w.s.h.SimpleUrlHandlerMapping:362 - Mapped URL path [/webjars/**] onto handler of type [class org.springframework.web.servlet.resource.ResourceHttpRequestHandler]
2018-03-18 20:39:28,699 INFO  o.s.w.s.h.SimpleUrlHandlerMapping:362 - Mapped URL path [/**] onto handler of type [class org.springframework.web.servlet.resource.ResourceHttpRequestHandler]
2018-03-18 20:39:28,782 INFO  o.s.w.s.h.SimpleUrlHandlerMapping:362 - Mapped URL path [/**/favicon.ico] onto handler of type [class org.springframework.web.servlet.resource.ResourceHttpRequestHandler]
2018-03-18 20:39:29,656 INFO  o.s.j.e.a.AnnotationMBeanExporter:431 - Registering beans for JMX exposure on startup
2018-03-18 20:39:29,672 INFO  o.s.b.a.e.j.EndpointMBeanExporter:431 - Registering beans for JMX exposure on startup
2018-03-18 20:39:29,677 INFO  o.s.b.c.e.AnnotationConfigEmbeddedWebApplicationContext:583 - Refreshing org.springframework.boot.context.embedded.AnnotationConfigEmbeddedWebApplicationContext@2c7c898a: startup date [Sun Mar 18 20:39:29 CST 2018]; parent: org.springframework.boot.context.embedded.AnnotationConfigEmbeddedWebApplicationContext@c267ef4
2018-03-18 20:39:29,761 INFO  o.s.b.f.s.DefaultListableBeanFactory:828 - Overriding bean definition for bean 'handlerExceptionResolver' with a different definition: replacing [Root bean: class [null]; scope=; abstract=false; lazyInit=false; autowireMode=3; dependencyCheck=0; autowireCandidate=true; primary=false; factoryBeanName=org.springframework.web.servlet.config.annotation.DelegatingWebMvcConfiguration; factoryMethodName=handlerExceptionResolver; initMethodName=null; destroyMethodName=(inferred); defined in org.springframework.web.servlet.config.annotation.DelegatingWebMvcConfiguration] with [Root bean: class [null]; scope=; abstract=false; lazyInit=false; autowireMode=3; dependencyCheck=0; autowireCandidate=true; primary=false; factoryBeanName=endpointWebMvcChildContextConfiguration; factoryMethodName=compositeHandlerExceptionResolver; initMethodName=null; destroyMethodName=(inferred); defined in org.springframework.boot.actuate.autoconfigure.EndpointWebMvcChildContextConfiguration]
2018-03-18 20:39:29,896 INFO  o.s.b.c.e.t.TomcatEmbeddedServletContainer:89 - Tomcat initialized with port(s): 8088 (http)
2018-03-18 20:39:29,897 INFO  o.a.c.c.StandardService:180 - Starting service [Tomcat]
2018-03-18 20:39:29,898 INFO  o.a.c.c.StandardEngine:180 - Starting Servlet Engine: Apache Tomcat/8.5.27
2018-03-18 20:39:29,917 INFO  o.a.c.c.C.[.[.[/]:180 - Initializing Spring embedded WebApplicationContext
2018-03-18 20:39:29,917 INFO  o.s.w.c.ContextLoader:276 - Root WebApplicationContext: initialization completed in 240 ms
2018-03-18 20:39:29,942 INFO  o.s.b.w.s.ServletRegistrationBean:190 - Mapping servlet: 'dispatcherServlet' to [/]
2018-03-18 20:39:29,942 INFO  o.s.b.w.s.FilterRegistrationBean:258 - Mapping filter: 'springSecurityFilterChain' to: [/*]
2018-03-18 20:39:30,161 INFO  o.s.b.a.e.m.EndpointHandlerMapping:543 - Mapped "{[/monitor/heapdump || /monitor/heapdump.json],methods=[GET],produces=[application/octet-stream]}" onto public void org.springframework.boot.actuate.endpoint.mvc.HeapdumpMvcEndpoint.invoke(boolean,javax.servlet.http.HttpServletRequest,javax.servlet.http.HttpServletResponse) throws java.io.IOException,javax.servlet.ServletException
2018-03-18 20:39:30,162 INFO  o.s.b.a.e.m.EndpointHandlerMapping:543 - Mapped "{[/monitor/beans || /monitor/beans.json],methods=[GET],produces=[application/vnd.spring-boot.actuator.v1+json || application/json]}" onto public java.lang.Object org.springframework.boot.actuate.endpoint.mvc.EndpointMvcAdapter.invoke()
2018-03-18 20:39:30,164 INFO  o.s.b.a.e.m.EndpointHandlerMapping:543 - Mapped "{[/monitor/dump || /monitor/dump.json],methods=[GET],produces=[application/vnd.spring-boot.actuator.v1+json || application/json]}" onto public java.lang.Object org.springframework.boot.actuate.endpoint.mvc.EndpointMvcAdapter.invoke()
2018-03-18 20:39:30,166 INFO  o.s.b.a.e.m.EndpointHandlerMapping:543 - Mapped "{[/monitor/metrics/{name:.*}],methods=[GET],produces=[application/vnd.spring-boot.actuator.v1+json || application/json]}" onto public java.lang.Object org.springframework.boot.actuate.endpoint.mvc.MetricsMvcEndpoint.value(java.lang.String)
2018-03-18 20:39:30,166 INFO  o.s.b.a.e.m.EndpointHandlerMapping:543 - Mapped "{[/monitor/metrics || /monitor/metrics.json],methods=[GET],produces=[application/vnd.spring-boot.actuator.v1+json || application/json]}" onto public java.lang.Object org.springframework.boot.actuate.endpoint.mvc.EndpointMvcAdapter.invoke()
2018-03-18 20:39:30,168 INFO  o.s.b.a.e.m.EndpointHandlerMapping:543 - Mapped "{[/monitor/auditevents || /monitor/auditevents.json],methods=[GET],produces=[application/vnd.spring-boot.actuator.v1+json || application/json]}" onto public org.springframework.http.ResponseEntity<?> org.springframework.boot.actuate.endpoint.mvc.AuditEventsMvcEndpoint.findByPrincipalAndAfterAndType(java.lang.String,java.util.Date,java.lang.String)
2018-03-18 20:39:30,171 INFO  o.s.b.a.e.m.EndpointHandlerMapping:543 - Mapped "{[/monitor/info || /monitor/info.json],methods=[GET],produces=[application/vnd.spring-boot.actuator.v1+json || application/json]}" onto public java.lang.Object org.springframework.boot.actuate.endpoint.mvc.EndpointMvcAdapter.invoke()
2018-03-18 20:39:30,174 INFO  o.s.b.a.e.m.EndpointHandlerMapping:543 - Mapped "{[/monitor/loggers/{name:.*}],methods=[GET],produces=[application/vnd.spring-boot.actuator.v1+json || application/json]}" onto public java.lang.Object org.springframework.boot.actuate.endpoint.mvc.LoggersMvcEndpoint.get(java.lang.String)
2018-03-18 20:39:30,175 INFO  o.s.b.a.e.m.EndpointHandlerMapping:543 - Mapped "{[/monitor/loggers/{name:.*}],methods=[POST],consumes=[application/vnd.spring-boot.actuator.v1+json || application/json],produces=[application/vnd.spring-boot.actuator.v1+json || application/json]}" onto public java.lang.Object org.springframework.boot.actuate.endpoint.mvc.LoggersMvcEndpoint.set(java.lang.String,java.util.Map<java.lang.String, java.lang.String>)
2018-03-18 20:39:30,175 INFO  o.s.b.a.e.m.EndpointHandlerMapping:543 - Mapped "{[/monitor/loggers || /monitor/loggers.json],methods=[GET],produces=[application/vnd.spring-boot.actuator.v1+json || application/json]}" onto public java.lang.Object org.springframework.boot.actuate.endpoint.mvc.EndpointMvcAdapter.invoke()
2018-03-18 20:39:30,176 INFO  o.s.b.a.e.m.EndpointHandlerMapping:543 - Mapped "{[/monitor/trace || /monitor/trace.json],methods=[GET],produces=[application/vnd.spring-boot.actuator.v1+json || application/json]}" onto public java.lang.Object org.springframework.boot.actuate.endpoint.mvc.EndpointMvcAdapter.invoke()
2018-03-18 20:39:30,178 INFO  o.s.b.a.e.m.EndpointHandlerMapping:543 - Mapped "{[/monitor/mappings || /monitor/mappings.json],methods=[GET],produces=[application/vnd.spring-boot.actuator.v1+json || application/json]}" onto public java.lang.Object org.springframework.boot.actuate.endpoint.mvc.EndpointMvcAdapter.invoke()
2018-03-18 20:39:30,179 INFO  o.s.b.a.e.m.EndpointHandlerMapping:543 - Mapped "{[/monitor/autoconfig || /monitor/autoconfig.json],methods=[GET],produces=[application/vnd.spring-boot.actuator.v1+json || application/json]}" onto public java.lang.Object org.springframework.boot.actuate.endpoint.mvc.EndpointMvcAdapter.invoke()
2018-03-18 20:39:30,180 INFO  o.s.b.a.e.m.EndpointHandlerMapping:543 - Mapped "{[/monitor/configprops || /monitor/configprops.json],methods=[GET],produces=[application/vnd.spring-boot.actuator.v1+json || application/json]}" onto public java.lang.Object org.springframework.boot.actuate.endpoint.mvc.EndpointMvcAdapter.invoke()
2018-03-18 20:39:30,181 INFO  o.s.b.a.e.m.EndpointHandlerMapping:543 - Mapped "{[/monitor/health || /monitor/health.json],methods=[GET],produces=[application/vnd.spring-boot.actuator.v1+json || application/json]}" onto public java.lang.Object org.springframework.boot.actuate.endpoint.mvc.HealthMvcEndpoint.invoke(javax.servlet.http.HttpServletRequest,java.security.Principal)
2018-03-18 20:39:30,185 INFO  o.s.b.a.e.m.EndpointHandlerMapping:543 - Mapped "{[/monitor/shutdown || /monitor/shutdown.json],methods=[POST],produces=[application/vnd.spring-boot.actuator.v1+json || application/json]}" onto public java.lang.Object org.springframework.boot.actuate.endpoint.mvc.ShutdownMvcEndpoint.invoke()
2018-03-18 20:39:30,187 INFO  o.s.b.a.e.m.EndpointHandlerMapping:543 - Mapped "{[/monitor/env/{name:.*}],methods=[GET],produces=[application/vnd.spring-boot.actuator.v1+json || application/json]}" onto public java.lang.Object org.springframework.boot.actuate.endpoint.mvc.EnvironmentMvcEndpoint.value(java.lang.String)
